# JRE version: OpenJDK Runtime Environment (17.0.14+7) (build 17.0.14+7-Ubuntu-124.04)
# Java VM: OpenJDK 64-Bit Server VM (17.0.14+7-Ubuntu-124.04, mixed mode, emulated-client, sharing, tiered, compressed oops, compressed class ptrs, g1 gc, linux-amd64)
Heap:
 garbage-first heap   total 116736K, used 56954K [0x0000000085c00000, 0x0000000100000000)
  region size 1024K, 25 young (25600K), 7 survivors (7168K)
 Metaspace       used 82561K, committed 83328K, reserved 1179648K
  class space    used 12027K, committed 12416K, reserved 1048576K
GC Heap History (20 events):
Event: 2783.321 GC heap before
{Heap before GC invocations=55 (full 9):
 garbage-first heap   total 119808K, used 44228K [0x0000000085c00000, 0x0000000100000000)
  region size 1024K, 12 young (12288K), 2 survivors (2048K)
 Metaspace       used 81669K, committed 82368K, reserved 1179648K
  class space    used 11947K, committed 12288K, reserved 1048576K
}
Event: 2783.326 GC heap after
{Heap after GC invocations=56 (full 9):
 garbage-first heap   total 119808K, used 35795K [0x0000000085c00000, 0x0000000100000000)
  region size 1024K, 1 young (1024K), 1 survivors (1024K)
 Metaspace       used 81669K, committed 82368K, reserved 1179648K
  class space    used 11947K, committed 12288K, reserved 1048576K
}
Event: 2783.547 GC heap before
{Heap before GC invocations=56 (full 9):
 garbage-first heap   total 119808K, used 52179K [0x0000000085c00000, 0x0000000100000000)
  region size 1024K, 17 young (17408K), 1 survivors (1024K)
 Metaspace       used 81716K, committed 82368K, reserved 1179648K
  class space    used 11953K, committed 12288K, reserved 1048576K
}
Event: 2783.551 GC heap after
{Heap after GC invocations=57 (full 9):
 garbage-first heap   total 119808K, used 37193K [0x0000000085c00000, 0x0000000100000000)
  region size 1024K, 3 young (3072K), 3 survivors (3072K)
 Metaspace       used 81716K, committed 82368K, reserved 1179648K
  class space    used 11953K, committed 12288K, reserved 1048576K
}
Event: 2783.700 GC heap before
{Heap before GC invocations=57 (full 9):
 garbage-first heap   total 119808K, used 55625K [0x0000000085c00000, 0x0000000100000000)
  region size 1024K, 22 young (22528K), 3 survivors (3072K)
 Metaspace       used 81716K, committed 82368K, reserved 1179648K
  class space    used 11953K, committed 12288K, reserved 1048576K
}
Event: 2783.705 GC heap after
{Heap after GC invocations=58 (full 9):
 garbage-first heap   total 278528K, used 38081K [0x0000000085c00000, 0x0000000100000000)
  region size 1024K, 1 young (1024K), 1 survivors (1024K)
 Metaspace       used 81716K, committed 82368K, reserved 1179648K
  class space    used 11953K, committed 12288K, reserved 1048576K
}
Event: 2784.143 GC heap before
{Heap before GC invocations=58 (full 9):
 garbage-first heap   total 278528K, used 79041K [0x0000000085c00000, 0x0000000100000000)
  region size 1024K, 41 young (41984K), 1 survivors (1024K)
 Metaspace       used 81940K, committed 82624K, reserved 1179648K
  class space    used 11969K, committed 12288K, reserved 1048576K
}
Event: 2784.150 GC heap after
{Heap after GC invocations=59 (full 9):
 garbage-first heap   total 278528K, used 40812K [0x0000000085c00000, 0x0000000100000000)
  region size 1024K, 4 young (4096K), 4 survivors (4096K)
 Metaspace       used 81940K, committed 82624K, reserved 1179648K
  class space    used 11969K, committed 12288K, reserved 1048576K
}
Event: 2856.870 GC heap before
{Heap before GC invocations=59 (full 9):
 garbage-first heap   total 278528K, used 55148K [0x0000000085c00000, 0x0000000100000000)
  region size 1024K, 19 young (19456K), 4 survivors (4096K)
 Metaspace       used 81943K, committed 82624K, reserved 1179648K
  class space    used 11969K, committed 12288K, reserved 1048576K
}
Event: 2856.973 GC heap after
{Heap after GC invocations=60 (full 10):
 garbage-first heap   total 122880K, used 33181K [0x0000000085c00000, 0x0000000100000000)
  region size 1024K, 0 young (0K), 0 survivors (0K)
 Metaspace       used 81940K, committed 82624K, reserved 1179648K
  class space    used 11969K, committed 12288K, reserved 1048576K
}
Event: 2857.478 GC heap before
{Heap before GC invocations=60 (full 10):
 garbage-first heap   total 122880K, used 91549K [0x0000000085c00000, 0x0000000100000000)
  region size 1024K, 57 young (58368K), 0 survivors (0K)
 Metaspace       used 82035K, committed 82752K, reserved 1179648K
  class space    used 11983K, committed 12352K, reserved 1048576K
}
Event: 2857.483 GC heap after
{Heap after GC invocations=61 (full 10):
 garbage-first heap   total 122880K, used 37423K [0x0000000085c00000, 0x0000000100000000)
  region size 1024K, 5 young (5120K), 5 survivors (5120K)
 Metaspace       used 82035K, committed 82752K, reserved 1179648K
  class space    used 11983K, committed 12352K, reserved 1048576K
}
Event: 2873.301 GC heap before
{Heap before GC invocations=61 (full 10):
 garbage-first heap   total 122880K, used 93743K [0x0000000085c00000, 0x0000000100000000)
  region size 1024K, 60 young (61440K), 5 survivors (5120K)
 Metaspace       used 82262K, committed 83008K, reserved 1179648K
  class space    used 12000K, committed 12352K, reserved 1048576K
}
Event: 2873.325 GC heap after
{Heap after GC invocations=62 (full 10):
 garbage-first heap   total 122880K, used 39696K [0x0000000085c00000, 0x0000000100000000)
  region size 1024K, 7 young (7168K), 7 survivors (7168K)
 Metaspace       used 82262K, committed 83008K, reserved 1179648K
  class space    used 12000K, committed 12352K, reserved 1048576K
}
Event: 2911.598 GC heap before
{Heap before GC invocations=62 (full 10):
 garbage-first heap   total 122880K, used 44816K [0x0000000085c00000, 0x0000000100000000)
  region size 1024K, 13 young (13312K), 7 survivors (7168K)
 Metaspace       used 82264K, committed 83008K, reserved 1179648K
  class space    used 12000K, committed 12352K, reserved 1048576K
}
Event: 2911.672 GC heap after
{Heap after GC invocations=63 (full 11):
 garbage-first heap   total 116736K, used 33001K [0x0000000085c00000, 0x0000000100000000)
  region size 1024K, 0 young (0K), 0 survivors (0K)
 Metaspace       used 82262K, committed 83008K, reserved 1179648K
  class space    used 12000K, committed 12352K, reserved 1048576K
}
Event: 2912.034 GC heap before
{Heap before GC invocations=63 (full 11):
 garbage-first heap   total 116736K, used 89321K [0x0000000085c00000, 0x0000000100000000)
  region size 1024K, 56 young (57344K), 0 survivors (0K)
 Metaspace       used 82333K, committed 83072K, reserved 1179648K
  class space    used 12010K, committed 12352K, reserved 1048576K
}
Event: 2912.040 GC heap after
{Heap after GC invocations=64 (full 11):
 garbage-first heap   total 116736K, used 37644K [0x0000000085c00000, 0x0000000100000000)
  region size 1024K, 5 young (5120K), 5 survivors (5120K)
 Metaspace       used 82333K, committed 83072K, reserved 1179648K
  class space    used 12010K, committed 12352K, reserved 1048576K
}
Event: 2912.657 GC heap before
{Heap before GC invocations=64 (full 11):
 garbage-first heap   total 116736K, used 90892K [0x0000000085c00000, 0x0000000100000000)
  region size 1024K, 57 young (58368K), 5 survivors (5120K)
 Metaspace       used 82561K, committed 83328K, reserved 1179648K
  class space    used 12027K, committed 12416K, reserved 1048576K
}
Event: 2912.664 GC heap after
{Heap after GC invocations=65 (full 11):
 garbage-first heap   total 116736K, used 39366K [0x0000000085c00000, 0x0000000100000000)
  region size 1024K, 7 young (7168K), 7 survivors (7168K)
 Metaspace       used 82561K, committed 83328K, reserved 1179648K
  class space    used 12027K, committed 12416K, reserved 1048576K
}

